[    0.000000] Initializing cgroup subsys cpuset
[    0.000000] Initializing cgroup subsys cpu
[    0.000000] Initializing cgroup subsys cpuacct
[    0.000000] Linux version 4.4.0-210-generic (buildd@lgw01-amd64-009) (gcc version 5.4.0 20160609 (Ubuntu 5.4.0-6ubuntu1~16.04.12) ) #242-Ubuntu SMP Fri Apr 16 09:57:56 UTC 2021 (Ubuntu 4.4.0-210.242-generic 4.4.262)
[    0.000000] Command line: BOOT_IMAGE=/boot/vmlinuz-4.4.0-210-generic root=LABEL=cloudimg-rootfs ro console=tty1 console=ttyS0
[    0.000000] KERNEL supported cpus:
[    0.000000]   Intel GenuineIntel
[    0.000000]   AMD AuthenticAMD
[    0.000000]   Centaur CentaurHauls
[    0.000000] [Firmware Bug]: TSC doesn't count with P0 frequency!
[    0.000000] x86/fpu: Legacy x87 FPU detected.
[    0.000000] e820: BIOS-provided physical RAM map:
[    0.000000] BIOS-e820: [mem 0x0000000000000000-0x000000000009fbff] usable
[    0.000000] BIOS-e820: [mem 0x000000000009fc00-0x000000000009ffff] reserved
[    0.000000] BIOS-e820: [mem 0x00000000000f0000-0x00000000000fffff] reserved
[    0.000000] BIOS-e820: [mem 0x0000000000100000-0x000000003ffeffff] usable
[    0.000000] BIOS-e820: [mem 0x000000003fff0000-0x000000003fffffff] ACPI data
[    0.000000] BIOS-e820: [mem 0x00000000fec00000-0x00000000fec00fff] reserved
[    0.000000] BIOS-e820: [mem 0x00000000fee00000-0x00000000fee00fff] reserved
[    0.000000] BIOS-e820: [mem 0x00000000fffc0000-0x00000000ffffffff] reserved
[    0.000000] NX (Execute Disable) protection: active
[    0.000000] SMBIOS 2.5 present.
[    0.000000] Hypervisor detected: KVM
[    0.000000] Kernel/User page tables isolation: disabled
[    0.000000] e820: last_pfn = 0x3fff0 max_arch_pfn = 0x400000000
[    0.000000] MTRR: Disabled
[    0.000000] x86/PAT: MTRRs disabled, skipping PAT initialization too.
[    0.000000] CPU MTRRs all blank - virtualized system.
[    0.000000] x86/PAT: Configuration [0-7]: WB  WT  UC- UC  WB  WT  UC- UC  
[    0.000000] found SMP MP-table at [mem 0x0009fff0-0x0009ffff] mapped at [ffff88000009fff0]
[    0.000000] Scanning 1 areas for low memory corruption
[    0.000000] RAMDISK: [mem 0x362dc000-0x37165fff]
[    0.000000] ACPI: Early table checksum verification disabled
[    0.000000] ACPI: RSDP 0x00000000000E0000 000024 (v02 VBOX  )
[    0.000000] ACPI: XSDT 0x000000003FFF0030 00003C (v01 VBOX   VBOXXSDT 00000001 ASL  00000061)
[    0.000000] ACPI: FACP 0x000000003FFF00F0 0000F4 (v04 VBOX   VBOXFACP 00000001 ASL  00000061)
[    0.000000] ACPI: DSDT 0x000000003FFF0470 002325 (v02 VBOX   VBOXBIOS 00000002 INTL 20100528)
[    0.000000] ACPI: FACS 0x000000003FFF0200 000040
[    0.000000] ACPI: FACS 0x000000003FFF0200 000040
[    0.000000] ACPI: APIC 0x000000003FFF0240 00005C (v02 VBOX   VBOXAPIC 00000001 ASL  00000061)
[    0.000000] ACPI: SSDT 0x000000003FFF02A0 0001CC (v01 VBOX   VBOXCPUT 00000002 INTL 20100528)
[    0.000000] No NUMA configuration found
[    0.000000] Faking a node at [mem 0x0000000000000000-0x000000003ffeffff]
[    0.000000] NODE_DATA(0) allocated [mem 0x3ffeb000-0x3ffeffff]
[    0.000000] kvm-clock: Using msrs 4b564d01 and 4b564d00
[    0.000000] kvm-clock: cpu 0, msr 0:3ffe3001, primary cpu clock
[    0.000000] kvm-clock: using sched offset of 5817050132 cycles
[    0.000000] clocksource: kvm-clock: mask: 0xffffffffffffffff max_cycles: 0x1cd42e4dffb, max_idle_ns: 881590591483 ns
[    0.000000] Zone ranges:
[    0.000000]   DMA      [mem 0x0000000000001000-0x0000000000ffffff]
[    0.000000]   DMA32    [mem 0x0000000001000000-0x000000003ffeffff]
[    0.000000]   Normal   empty
[    0.000000]   Device   empty
[    0.000000] Movable zone start for each node
[    0.000000] Early memory node ranges
[    0.000000]   node   0: [mem 0x0000000000001000-0x000000000009efff]
[    0.000000]   node   0: [mem 0x0000000000100000-0x000000003ffeffff]
[    0.000000] Initmem setup node 0 [mem 0x0000000000001000-0x000000003ffeffff]
[    0.000000] ACPI: PM-Timer IO Port: 0x4008
[    0.000000] IOAPIC[0]: apic_id 2, version 32, address 0xfec00000, GSI 0-23
[    0.000000] ACPI: INT_SRC_OVR (bus 0 bus_irq 0 global_irq 2 dfl dfl)
[    0.000000] ACPI: INT_SRC_OVR (bus 0 bus_irq 9 global_irq 9 low level)
[    0.000000] Using ACPI (MADT) for SMP configuration information
[    0.000000] smpboot: Allowing 2 CPUs, 0 hotplug CPUs
[    0.000000] PM: Registered nosave memory: [mem 0x00000000-0x00000fff]
[    0.000000] PM: Registered nosave memory: [mem 0x0009f000-0x0009ffff]
[    0.000000] PM: Registered nosave memory: [mem 0x000a0000-0x000effff]
[    0.000000] PM: Registered nosave memory: [mem 0x000f0000-0x000fffff]
[    0.000000] e820: [mem 0x40000000-0xfebfffff] available for PCI devices
[    0.000000] Booting paravirtualized kernel on KVM
[    0.000000] clocksource: refined-jiffies: mask: 0xffffffff max_cycles: 0xffffffff, max_idle_ns: 7645519600211568 ns
[    0.000000] setup_percpu: NR_CPUS:512 nr_cpumask_bits:512 nr_cpu_ids:2 nr_node_ids:1
[    0.000000] PERCPU: Embedded 33 pages/cpu @ffff88003fc00000 s95192 r8192 d31784 u1048576
[    0.000000] Built 1 zonelists in Node order, mobility grouping on.  Total pages: 257912
[    0.000000] Policy zone: DMA32
[    0.000000] Kernel command line: BOOT_IMAGE=/boot/vmlinuz-4.4.0-210-generic root=LABEL=cloudimg-rootfs ro console=tty1 console=ttyS0
[    0.000000] PID hash table entries: 4096 (order: 3, 32768 bytes)
[    0.000000] Memory: 997792K/1048120K available (8644K kernel code, 1332K rwdata, 4044K rodata, 1492K init, 1164K bss, 50328K reserved, 0K cma-reserved)
[    0.000000] SLUB: HWalign=64, Order=0-3, MinObjects=0, CPUs=2, Nodes=1
[    0.000000] Hierarchical RCU implementation.
[    0.000000] 	Build-time adjustment of leaf fanout to 64.
[    0.000000] 	RCU restricting CPUs from NR_CPUS=512 to nr_cpu_ids=2.
[    0.000000] RCU: Adjusting geometry for rcu_fanout_leaf=64, nr_cpu_ids=2
[    0.000000] NR_IRQS:33024 nr_irqs:440 16
[    0.000000] Console: colour VGA+ 80x25
[    0.000000] console [tty1] enabled
[    0.000000] console [ttyS0] enabled
[    0.000000] tsc: Detected 2095.988 MHz processor
[    1.306784] Calibrating delay loop (skipped) preset value.. 4191.97 BogoMIPS (lpj=8383952)
[    1.324276] pid_max: default: 32768 minimum: 301
[    1.334776] ACPI: Core revision 20150930
[    1.348248] ACPI: 2 ACPI AML tables successfully acquired and loaded
[    1.365290] Security Framework initialized
[    1.378181] Yama: becoming mindful.
[    1.387143] AppArmor: AppArmor initialized
[    1.395505] Dentry cache hash table entries: 131072 (order: 8, 1048576 bytes)
[    1.424876] Inode-cache hash table entries: 65536 (order: 7, 524288 bytes)
[    1.454169] Mount-cache hash table entries: 2048 (order: 2, 16384 bytes)
[    1.467870] Mountpoint-cache hash table entries: 2048 (order: 2, 16384 bytes)
[    1.485957] Initializing cgroup subsys io
[    1.495917] Initializing cgroup subsys memory
[    1.505365] Initializing cgroup subsys devices
[    1.516252] Initializing cgroup subsys freezer
[    1.528129] Initializing cgroup subsys net_cls
[    1.537101] Initializing cgroup subsys perf_event
[    1.547957] Initializing cgroup subsys net_prio
[    1.559563] Initializing cgroup subsys hugetlb
[    1.568741] Initializing cgroup subsys pids
[    1.584006] mce: CPU supports 0 MCE banks
[    1.594528] Last level iTLB entries: 4KB 1024, 2MB 1024, 4MB 512
[    1.605829] Last level dTLB entries: 4KB 1536, 2MB 1536, 4MB 768, 1GB 0
[    1.619961] Spectre V1 : Mitigation: usercopy/swapgs barriers and __user pointer sanitization
[    1.639061] Spectre V2 : Spectre mitigation: LFENCE not serializing, switching to generic retpoline
[    1.662604] Spectre V2 : Mitigation: Full generic retpoline
[    1.677787] Spectre V2 : Spectre v2 / SpectreRSB mitigation: Filling RSB on context switch
[    1.708139] Speculative Store Bypass: Mitigation: Speculative Store Bypass disabled via prctl and seccomp
[    1.820984] Freeing SMP alternatives memory: 36K
[    2.047250] ftrace: allocating 32380 entries in 127 pages
[    3.479216] smpboot: APIC(0) Converting physical 0 to logical package 0
[    3.494903] smpboot: Max logical packages: 1
[    3.531573] ..TIMER: vector=0x30 apic1=0 pin1=2 apic2=-1 pin2=-1
[    3.658686] smpboot: CPU0: AMD Ryzen 5 3500U with Radeon Vega Mobile Gfx (family: 0x17, model: 0x18, stepping: 0x1)
[    3.681908] Performance Events: Broken PMU hardware detected, using software events only.
[    3.696900] Failed to access perfctr msr (MSR c0010007 is 0)
[    3.882736] KVM setup paravirtual spinlock
[    3.898114] x86: Booting SMP configuration:
[    3.904099] .... node  #0, CPUs:      #1
[    3.915505] kvm-clock: cpu 1, msr 0:3ffe3041, secondary cpu clock
[    3.924430] mce: CPU supports 0 MCE banks
[    3.930682] x86: Booted up 1 node, 2 CPUs
[    3.938324] smpboot: Total of 2 processors activated (8383.95 BogoMIPS)
[    3.957401] devtmpfs: initialized
[    3.968009] evm: security.selinux
[    3.975165] evm: security.SMACK64
[    3.982534] evm: security.SMACK64EXEC
[    3.995092] evm: security.SMACK64TRANSMUTE
[    4.003954] evm: security.SMACK64MMAP
[    4.011472] evm: security.ima
[    4.017227] evm: security.capability
[    4.027141] clocksource: jiffies: mask: 0xffffffff max_cycles: 0xffffffff, max_idle_ns: 7645041785100000 ns
[    4.043617] futex hash table entries: 512 (order: 3, 32768 bytes)
[    4.064440] pinctrl core: initialized pinctrl subsystem
[    4.079684] RTC time: 14:55:32, date: 04/19/22
[    4.110952] NET: Registered protocol family 16
[    4.130973] cpuidle: using governor ladder
[    4.165100] cpuidle: using governor menu
[    4.180924] PCCT header not found.
[    4.201459] ACPI: bus type PCI registered
[    4.213476] acpiphp: ACPI Hot Plug PCI Controller Driver version: 0.5
[    4.235105] PCI: Using configuration type 1 for base access
[    4.246694] PCI: Using configuration type 1 for extended access
[    4.281390] ACPI: Added _OSI(Module Device)
[    4.294928] ACPI: Added _OSI(Processor Device)
[    4.305815] ACPI: Added _OSI(3.0 _SCP Extensions)
[    4.315959] ACPI: Added _OSI(Processor Aggregator Device)
[    4.335351] ACPI: Executed 1 blocks of module-level executable AML code
[    4.383456] ACPI: Interpreter enabled
[    4.396744] ACPI: (supports S0 S5)
[    4.406650] ACPI: Using IOAPIC for interrupt routing
[    4.426386] PCI: Using host bridge windows from ACPI; if necessary, use "pci=nocrs" and report a bug
[    4.476406] ACPI: PCI Root Bridge [PCI0] (domain 0000 [bus 00-ff])
[    4.491119] acpi PNP0A03:00: _OSC: OS supports [ExtendedConfig ASPM ClockPM Segments MSI]
[    4.514352] acpi PNP0A03:00: _OSC: platform does not support [PCIeCapability]
[    4.534654] acpi PNP0A03:00: _OSC: not requesting control; platform does not support [PCIeCapability]
[    4.555576] acpi PNP0A03:00: _OSC: OS requested [PCIeHotplug PME AER PCIeCapability]
[    4.571512] acpi PNP0A03:00: _OSC: platform willing to grant [PCIeHotplug PME AER]
[    4.593517] acpi PNP0A03:00: _OSC failed (AE_SUPPORT); disabling ASPM
[    4.609512] PCI host bridge to bus 0000:00
[    4.622672] pci_bus 0000:00: root bus resource [io  0x0000-0x0cf7 window]
[    4.648054] pci_bus 0000:00: root bus resource [io  0x0d00-0xffff window]
[    4.669616] pci_bus 0000:00: root bus resource [mem 0x000a0000-0x000bffff window]
[    4.688017] pci_bus 0000:00: root bus resource [mem 0x40000000-0xfdffffff window]
[    4.702485] pci_bus 0000:00: root bus resource [bus 00-ff]
[    4.730679] pci 0000:00:01.1: legacy IDE quirk: reg 0x10: [io  0x01f0-0x01f7]
[    4.746560] pci 0000:00:01.1: legacy IDE quirk: reg 0x14: [io  0x03f6]
[    4.800835] pci 0000:00:01.1: legacy IDE quirk: reg 0x18: [io  0x0170-0x0177]
[    4.815621] pci 0000:00:01.1: legacy IDE quirk: reg 0x1c: [io  0x0376]
[    4.891639] pci 0000:00:07.0: quirk: [io  0x4000-0x403f] claimed by PIIX4 ACPI
[    4.922944] pci 0000:00:07.0: quirk: [io  0x4100-0x410f] claimed by PIIX4 SMB
[    4.955331] ACPI: PCI Interrupt Link [LNKA] (IRQs 5 9 10 *11)
[    4.976880] ACPI: PCI Interrupt Link [LNKB] (IRQs 5 9 *10 11)
[    5.002299] ACPI: PCI Interrupt Link [LNKC] (IRQs 5 *9 10 11)
[    5.026143] ACPI: PCI Interrupt Link [LNKD] (IRQs 5 9 10 *11)
[    5.050545] ACPI: Enabled 2 GPEs in block 00 to 07
[    5.066857] vgaarb: setting as boot device: PCI:0000:00:02.0
[    5.080525] vgaarb: device added: PCI:0000:00:02.0,decodes=io+mem,owns=io+mem,locks=none
[    5.099689] vgaarb: loaded
[    5.107211] vgaarb: bridge control possible 0000:00:02.0
[    5.118887] SCSI subsystem initialized
[    5.130975] ACPI: bus type USB registered
[    5.139964] usbcore: registered new interface driver usbfs
[    5.153703] usbcore: registered new interface driver hub
[    5.165577] usbcore: registered new device driver usb
[    5.180028] PCI: Using ACPI for IRQ routing
[    5.190547] NetLabel: Initializing
[    5.197333] NetLabel:  domain hash size = 128
[    5.205764] NetLabel:  protocols = UNLABELED CIPSOv4
[    5.213996] NetLabel:  unlabeled traffic allowed by default
[    5.224883] amd_nb: Cannot enumerate AMD northbridges
[    5.236932] clocksource: Switched to clocksource kvm-clock
[    5.316031] AppArmor: AppArmor Filesystem Enabled
[    5.326313] pnp: PnP ACPI init
[    5.334591] pnp: PnP ACPI: found 3 devices
[    5.412135] clocksource: acpi_pm: mask: 0xffffff max_cycles: 0xffffff, max_idle_ns: 2085701024 ns
[    5.430956] NET: Registered protocol family 2
[    5.442593] TCP established hash table entries: 8192 (order: 4, 65536 bytes)
[    5.454867] TCP bind hash table entries: 8192 (order: 5, 131072 bytes)
[    5.467538] TCP: Hash tables configured (established 8192 bind 8192)
[    5.479291] UDP hash table entries: 512 (order: 2, 16384 bytes)
[    5.489332] UDP-Lite hash table entries: 512 (order: 2, 16384 bytes)
[    5.501086] NET: Registered protocol family 1
[    5.510053] pci 0000:00:00.0: Limiting direct PCI/PCI transfers
[    5.519068] pci 0000:00:01.0: Activating ISA DMA hang workarounds
[    5.531636] Unpacking initramfs...
[    6.421811] Freeing initrd memory: 14888K
[    6.430767] clocksource: tsc: mask: 0xffffffffffffffff max_cycles: 0x1e36628d06a, max_idle_ns: 440795283511 ns
[    6.447185] platform rtc_cmos: registered platform RTC device (no PNP device found)
[    6.463212] Scanning for low memory corruption every 60 seconds
[    6.477876] audit: initializing netlink subsys (disabled)
[    6.495919] audit: type=2000 audit(1650380139.007:1): initialized
[    6.511440] Initialise system trusted keyring
[    6.523281] HugeTLB registered 2 MB page size, pre-allocated 0 pages
[    6.538085] zbud: loaded
[    6.546680] VFS: Disk quotas dquot_6.6.0
[    6.555207] VFS: Dquot-cache hash table entries: 512 (order 0, 4096 bytes)
[    6.568081] squashfs: version 4.0 (2009/01/31) Phillip Lougher
[    6.581942] fuse init (API version 7.23)
[    6.592100] Key type big_key registered
[    6.602012] Allocating IMA MOK and blacklist keyrings.
[    6.643922] Key type asymmetric registered
[    6.653586] Asymmetric key parser 'x509' registered
[    6.665341] Block layer SCSI generic (bsg) driver version 0.4 loaded (major 249)
[    6.683105] io scheduler noop registered
[    6.691590] io scheduler deadline registered (default)
[    6.701065] io scheduler cfq registered
[    6.708816] pci_hotplug: PCI Hot Plug PCI Core version: 0.5
[    6.722182] pciehp: PCI Express Hot Plug Controller Driver version: 0.4
[    6.736642] ACPI: AC Adapter [AC] (on-line)
[    6.745584] input: Power Button as /devices/LNXSYSTM:00/LNXPWRBN:00/input/input0
[    6.766626] ACPI: Power Button [PWRF]
[    6.778225] input: Sleep Button as /devices/LNXSYSTM:00/LNXSLPBN:00/input/input1
[    6.792624] ACPI: Sleep Button [SLPF]
[    6.800671] GHES: HEST is not enabled!
[    6.803942] ACPI: Battery Slot [BAT0] (battery present)
[    6.821365] Serial: 8250/16550 driver, 32 ports, IRQ sharing enabled
[    6.870920] 00:02: ttyS0 at I/O 0x3f8 (irq = 4, base_baud = 115200) is a 16550A
[    6.914632] Linux agpgart interface v0.103
[    6.967776] loop: module loaded
[    6.982292] scsi host0: ata_piix
[    6.996593] scsi host1: ata_piix
[    7.004589] ata1: PATA max UDMA/33 cmd 0x1f0 ctl 0x3f6 bmdma 0xd000 irq 14
[    7.031372] ata2: PATA max UDMA/33 cmd 0x170 ctl 0x376 bmdma 0xd008 irq 15
[    7.062317] libphy: Fixed MDIO Bus: probed
[    7.076688] tun: Universal TUN/TAP device driver, 1.6
[    7.091044] tun: (C) 1999-2004 Max Krasnyansky <maxk@qualcomm.com>
[    7.109609] PPP generic driver version 2.4.2
[    7.123963] ehci_hcd: USB 2.0 'Enhanced' Host Controller (EHCI) Driver
[    7.141172] ehci-pci: EHCI PCI platform driver
[    7.155513] ehci-platform: EHCI generic platform driver
[    7.172109] ohci_hcd: USB 1.1 'Open' Host Controller (OHCI) Driver
[    7.189704] ohci-pci: OHCI PCI platform driver
[    7.200996] ohci-platform: OHCI generic platform driver
[    7.214460] uhci_hcd: USB Universal Host Controller Interface driver
[    7.229033] i8042: PNP: PS/2 Controller [PNP0303:PS2K,PNP0f03:PS2M] at 0x60,0x64 irq 1,12
[    7.302301] serio: i8042 KBD port at 0x60,0x64 irq 1
[    7.328293] serio: i8042 AUX port at 0x60,0x64 irq 12
[    7.349209] mousedev: PS/2 mouse device common for all mice
[    7.373339] rtc_cmos rtc_cmos: rtc core: registered rtc_cmos as rtc0
[    7.387729] rtc_cmos rtc_cmos: alarms up to one day, 114 bytes nvram
[    7.402898] i2c /dev entries driver
[    7.411038] device-mapper: uevent: version 1.0.3
[    7.423669] device-mapper: ioctl: 4.34.0-ioctl (2015-10-28) initialised: dm-devel@redhat.com
[    7.443663] ledtrig-cpu: registered to indicate activity on CPUs
[    7.459414] NET: Registered protocol family 10
[    7.472465] NET: Registered protocol family 17
[    7.483656] Key type dns_resolver registered
[    7.500230] registered taskstats version 1
[    7.511018] Loading compiled-in X.509 certificates
[    7.527790] Loaded X.509 cert 'Build time autogenerated kernel key: cf00e047681d67edb2720680708b7d9498083038'
[    7.560077] zswap: loaded using pool lzo/zbud
[    7.579003] input: AT Translated Set 2 keyboard as /devices/platform/i8042/serio0/input/input2
[    7.613540] Key type trusted registered
[    7.654415] Key type encrypted registered
[    7.667264] AppArmor: AppArmor sha1 policy hashing enabled
[    7.682864] ima: No TPM chip found, activating TPM-bypass!
[    7.696284] ima: Allocated hash algorithm: sha1
[    7.707398] evm: HMAC attrs: 0x1
[    7.716316]   Magic number: 2:790:940
[    7.726939] rtc_cmos rtc_cmos: setting system clock to 2022-04-19 14:55:36 UTC (1650380136)
[    7.747334] BIOS EDD facility v0.16 2004-Jun-25, 0 devices found
[    7.761141] EDD information not available.
[    7.774603] Freeing unused kernel memory: 1492K
[    7.815136] Write protecting the kernel read-only data: 14336k
[    7.845504] Freeing unused kernel memory: 1584K
[    7.861369] Freeing unused kernel memory: 52K
Loading, please wait...
starting version[    7.927694] random: systemd-udevd: uninitialized urandom read (16 bytes read, 6 bits of entropy available)
 229
[    7.943922] random: udevadm: uninitialized urandom read (16 bytes read, 6 bits of entropy available)
[    7.943949] random: udevadm: uninitialized urandom read (16 bytes read, 6 bits of entropy available)
[    7.978669] random: udevadm: uninitialized urandom read (16 bytes read, 6 bits of entropy available)
[    7.978872] random: udevadm: uninitialized urandom read (16 bytes read, 6 bits of entropy available)
[    7.979407] random: udevadm: uninitialized urandom read (16 bytes read, 6 bits of entropy available)
[    7.979733] random: udevadm: uninitialized urandom read (16 bytes read, 6 bits of entropy available)
[    7.979947] random: udevadm: uninitialized urandom read (16 bytes read, 6 bits of entropy available)
[    7.980068] random: udevadm: uninitialized urandom read (16 bytes read, 6 bits of entropy available)
[    7.980367] random: udevadm: uninitialized urandom read (16 bytes read, 6 bits of entropy available)
[    8.565337] e1000: Intel(R) PRO/1000 Network Driver - version 7.3.21-k8-NAPI
[    8.589203] e1000: Copyright (c) 1999-2006 Intel Corporation.
[    8.610547] Fusion MPT base driver 3.04.20
[    8.624521] Copyright (c) 1999-2008 LSI Corporation
[    8.778977] Fusion MPT SPI Host driver 3.04.20
[    9.203338] input: ImExPS/2 Generic Explorer Mouse as /devices/platform/i8042/serio1/input/input4
[   10.441686] e1000 0000:00:03.0 eth0: (PCI:33MHz:32-bit) 02:be:82:6b:cc:1d
[   10.458889] e1000 0000:00:03.0 eth0: Intel(R) PRO/1000 Network Connection
[   10.493495] mptbase: ioc0: Initiating bringup
[   10.533648] e1000 0000:00:03.0 enp0s3: renamed from eth0
[   10.612484] ioc0: LSI53C1030 A0: Capabilities={Initiator}
[   10.829223] scsi host2: ioc0: LSI53C1030 A0, FwRev=00000000h, Ports=1, MaxQ=256, IRQ=20
[   10.964055] scsi 2:0:0:0: Direct-Access     VBOX     HARDDISK         1.0  PQ: 0 ANSI: 5
[   10.980812] scsi target2:0:0: Beginning Domain Validation
[   11.009639] scsi target2:0:0: Domain Validation skipping write tests
[   11.025482] scsi target2:0:0: Ending Domain Validation
[   11.040645] scsi target2:0:0: asynchronous
[   11.064408] scsi 2:0:1:0: Direct-Access     VBOX     HARDDISK         1.0  PQ: 0 ANSI: 5
[   11.085727] scsi target2:0:1: Beginning Domain Validation
[   11.120806] scsi target2:0:1: Domain Validation skipping write tests
[   11.132084] scsi target2:0:1: Ending Domain Validation
[   11.145332] scsi target2:0:1: asynchronous
[   11.292679] sd 2:0:0:0: Attached scsi generic sg0 type 0
[   11.295066] sd 2:0:0:0: [sda] 83886080 512-byte logical blocks: (42.9 GB/40.0 GiB)
[   11.300699] sd 2:0:0:0: [sda] Write Protect is off
[   11.303011] sd 2:0:0:0: [sda] Incomplete mode parameter data
[   11.303014] sd 2:0:0:0: [sda] Assuming drive cache: write through
[   11.338460]  sda: sda1
[   11.347652] sd 2:0:0:0: [sda] Attached SCSI disk
[   11.391678] sd 2:0:1:0: Attached scsi generic sg1 type 0
[   11.393598] sd 2:0:1:0: [sdb] 20480 512-byte logical blocks: (10.5 MB/10.0 MiB)
[   11.394824] sd 2:0:1:0: [sdb] Write Protect is off
[   11.395729] sd 2:0:1:0: [sdb] Incomplete mode parameter data
[   11.395732] sd 2:0:1:0: [sdb] Assuming drive cache: write through
[   11.412244] sd 2:0:1:0: [sdb] Attached SCSI disk
Begin: Loading essential drivers ... [   13.822397] md: linear personality registered for level -1
[   13.842276] md: multipath personality registered for level -4
[   13.859925] md: raid0 personality registered for level 0
[   13.896133] md: raid1 personality registered for level 1
[   13.989375] raid6: sse2x1   gen()  2724 MB/s
[   14.065667] raid6: sse2x1   xor()  4077 MB/s
[   14.141043] raid6: sse2x2   gen()  6399 MB/s
[   14.217289] raid6: sse2x2   xor()  4661 MB/s
[   14.293169] raid6: sse2x4   gen()  8308 MB/s
[   14.369305] raid6: sse2x4   xor()  3618 MB/s
[   14.376718] raid6: using algorithm sse2x4 gen() 8308 MB/s
[   14.387054] raid6: .... xor() 3618 MB/s, rmw enabled
[   14.397138] raid6: using ssse3x2 recovery algorithm
[   14.414857] xor: measuring software checksum speed
[   14.465029]    prefetch64-sse:  5787.000 MB/sec
[   14.513043]    generic_sse:  5364.000 MB/sec
[   14.523714] xor: using function: prefetch64-sse (5787.000 MB/sec)
[   14.547917] async_tx: api initialized (async)
[   14.659160] md: raid6 personality registered for level 6
[   14.670209] md: raid5 personality registered for level 5
[   14.681756] md: raid4 personality registered for level 4
[   14.733909] md: raid10 personality registered for level 10
done.
Begin: Running /scripts/init-premount ... done.
Begin: Mounting root file system ... Begin: Running /scripts/local-top ... done.
Begin: Running /scripts/local-premount ... [   14.926413] Btrfs loaded
Scanning for Btrfs filesystems
done.
Warning: fsck not present, so skipping root file system
[   15.129116] EXT4-fs (sda1): mounted filesystem with ordered data mode. Opts: (null)
done.
Begin: Running /scripts/local-bottom ... done.
Begin: Running /scripts/init-bottom ... done.
[   15.954798] systemd[1]: systemd 229 running in system mode. (+PAM +AUDIT +SELINUX +IMA +APPARMOR +SMACK +SYSVINIT +UTMP +LIBCRYPTSETUP +GCRYPT +GNUTLS +ACL +XZ -LZ4 +SECCOMP +BLKID +ELFUTILS +KMOD -IDN)
[   15.991489] systemd[1]: Detected virtualization oracle.
[   16.002549] systemd[1]: Detected architecture x86-64.

Welcome to [1mUbuntu 16.04.7 LTS[0m!

[   16.038175] systemd[1]: Set hostname to <ubuntu>.
[   16.083950] systemd[1]: Initializing machine ID from random generator.
[   16.107449] systemd[1]: Installed transient /etc/machine-id file.
[   16.449888] random: nonblocking pool is initialized
[   16.771160] systemd[1]: Listening on Journal Socket.
[[0;32m  OK  [0m] Listening on Journal Socket.
[   16.788704] systemd[1]: Listening on /dev/initctl Compatibility Named Pipe.
[[0;32m  OK  [0m] Listening on /dev/initctl Compatibility Named Pipe.
[   16.809019] systemd[1]: Set up automount Arbitrary Executable File Formats File System Automount Point.
[[0;32m  OK  [0m] Set up automount Arbitrary Executab...ats File System Automount Point.
[   16.834682] systemd[1]: Listening on udev Control Socket.
[[0;32m  OK  [0m] Listening on udev Control Socket.
[   16.851672] systemd[1]: Reached target Encrypted Volumes.
[[0;32m  OK  [0m] Reached target Encrypted Volumes.
[   16.866496] systemd[1]: Created slice User and Session Slice.
[[0;32m  OK  [0m] Created slice User and Session Slice.
[   16.886655] systemd[1]: Listening on Journal Socket (/dev/log).
[[0;32m  OK  [0m] Listening on Journal Socket (/dev/log).
[   16.907286] systemd[1]: Listening on Device-mapper event daemon FIFOs.
[[0;32m  OK  [0m] Listening on Device-mapper event daemon FIFOs.
[   16.934774] systemd[1]: Started Trigger resolvconf update for networkd DNS.
[[0;32m  OK  [0m] Started Trigger resolvconf update for networkd DNS.
[   16.957285] systemd[1]: Listening on LVM2 poll daemon socket.
[[0;32m  OK  [0m] Listening on LVM2 poll daemon socket.
[   16.980299] systemd[1]: Listening on fsck to fsckd communication Socket.
[[0;32m  OK  [0m] Listening on fsck to fsckd communication Socket.
[   16.998833] systemd[1]: Listening on LVM2 metadata daemon socket.
[[0;32m  OK  [0m] Listening on LVM2 metadata daemon socket.
[   17.016411] systemd[1]: Listening on Syslog Socket.
[[0;32m  OK  [0m] Listening on Syslog Socket.
[   17.032169] systemd[1]: Listening on udev Kernel Socket.
[[0;32m  OK  [0m] Listening on udev Kernel Socket.
[   17.048542] systemd[1]: Reached target User and Group Name Lookups.
[[0;32m  OK  [0m] Reached target User and Group Name Lookups.
[   17.080684] systemd[1]: Reached target System Time Synchronized.
[[0;32m  OK  [0m] Reached target System Time Synchronized.
[   17.113763] systemd[1]: Started Forward Password Requests to Wall Directory Watch.
[[0;32m  OK  [0m] Started Forward Password Requests to Wall Directory Watch.
[   17.146663] systemd[1]: Listening on Journal Audit Socket.
[[0;32m  OK  [0m] Listening on Journal Audit Socket.
[   17.173356] systemd[1]: Created slice System Slice.
[[0;32m  OK  [0m] Created slice System Slice.
[   17.246947] systemd[1]: Mounting Debug File System...
         Mounting Debug File System...
[   17.270285] systemd[1]: Created slice system-serial\x2dgetty.slice.
[[0;32m  OK  [0m] Created slice system-serial\x2dgetty.slice.
[   17.310141] systemd[1]: Starting Journal Service...
         Starting Journal Service...
[   17.340390] systemd[1]: Starting Nameserver information manager...
         Starting Nameserver information manager...
[   17.365420] systemd[1]: Starting Monitoring of LVM2 mirrors, snapshots etc. using dmeventd or progress polling...
         Starting Monitoring of LVM2 mirrors... dmeventd or progress polling...
[   17.398535] systemd[1]: Starting Uncomplicated firewall...
         Starting Uncomplicated firewall...
[   17.464363] systemd[1]: Mounting POSIX Message Queue File System...
         Mounting POSIX Message Queue File System...
[   17.513303] systemd[1]: Starting Load Kernel Modules...
         Starting Load Kernel Modules...
[   17.538925] systemd[1]: Reached target Slices.
[[0;32m  OK  [0m] Reached target Slices.
[   17.564588] systemd[1]: Starting File System Check on Root Device...
         Starting File System Check on Root Device...
[   17.594393] systemd[1]: Starting Set console keymap...
         Starting Set console keymap...
[   17.613870] systemd[1]: Starting Create list of required static device nodes for the current kernel...
[   17.630324] Loading iSCSI transport class v2.0-870.
         Starting Create list of required st... nodes for the current kernel...
[   17.739177] iscsi: registered transport (tcp)
[   17.770955] systemd[1]: Mounting Huge Pages File System...
         Mounting Huge Pages File System...
[   17.821826] systemd[1]: Reached target Swap.
[[0;32m  OK  [0m] Reached target Swap.
[   17.847494] systemd[1]: Mounted Huge Pages File System.
[[0;32m  OK  [0m] Mounted Huge Pages File System.
[   17.881958] systemd[1]: Mounted POSIX Message Queue File System.
[[0;32m  OK  [0m] Mounted POSIX Message Queue File System.
[   17.916205] systemd[1]: Mounted Debug File System.
[[0;32m  OK  [0m] Mounted Debug File System.
[   17.940684] systemd[1]: Started Journal Service.
[[0;32m  OK  [0m] Started Journal Service.
[[0;32m  OK  [0m] Started Uncomplicated firewall.
[[0;32m  OK  [0m] Started File System Check on Root Device.
[[0;32m  OK  [0m] Started Set console keymap.
[[0;32m  OK  [0m] Started Create list of required sta...ce nodes for the current kernel.
[[0;32m  OK  [0m] Started Nameserver information manager.
[[0;32m  OK  [0m] Started LVM2 metadata daemon.
[[0;32m  OK  [0m] Started File System Check Daemon to report status.
         Starting Create Static Device Nodes in /dev...
         Starting Remount Root and Kernel File Systems...
[   18.239473] iscsi: registered transport (iser)
[[0;32m  OK  [0m] Started Load Kernel Modules.
[   18.279767] EXT4-fs (sda1): re-mounted. Opts: (null)
         Mounting FUSE Control File System...
         Starting Apply Kernel Variables...
[[0;32m  OK  [0m] Mounted FUSE Control File System.
[[0;32m  OK  [0m] Started Remount Root and Kernel File Systems.
         Starting udev Coldplug all Devices...
         Starting Load/Save Random Seed...
         Starting Flush Journal to Persistent Storage...
[[0;32m  OK  [0m] Started Apply Kernel Variables.
[[0;32m  OK  [0m] Started Create Static Device Nodes in /dev.
[[0;32m  OK  [0m] Started Load/Save Random Seed.
         Starting udev Kernel Device Manager...
[[0;32m  OK  [0m] Started Flush Journal to Persistent Storage.
[[0;32m  OK  [0m] Started udev Coldplug all Devices.
[[0;32m  OK  [0m] Started Monitoring of LVM2 mirrors,...ng dmeventd or progress polling.
[[0;32m  OK  [0m] Reached target Local File Systems (Pre).
[[0;32m  OK  [0m] Reached target Local File Systems.
         Starting Set console font and keymap...
         Starting Tell Plymouth To Write Out Runtime Data...
         Starting LSB: AppArmor initialization...
         Starting Create Volatile Files and Directories...
         Starting Initial cloud-init job (pre-networking)...
         Starting Commit a transient machine-id on disk...
[[0;32m  OK  [0m] Started Tell Plymouth To Write Out Runtime Data.
[[0;32m  OK  [0m] Started Create Volatile Files and Directories.
[[0;32m  OK  [0m] Started udev Kernel Device Manager.
[[0;32m  OK  [0m] Started Dispatch Password Requests to Console Directory Watch.
         Starting Update UTMP about System Boot/Shutdown...
[[0;32m  OK  [0m] Started Commit a transient machine-id on disk.
[[0;32m  OK  [0m] Started Update UTMP about System Boot/Shutdown.
[[0;32m  OK  [0m] Found device /dev/ttyS0.
[[0;32m  OK  [0m] Listening on Load/Save RF Kill Switch Status /dev/rfkill Watch.
[[0;32m  OK  [0m] Started LSB: AppArmor initialization.
         Starting Load AppArmor profiles managed internally by snapd...
[[0;32m  OK  [0m] Started Load AppArmor profiles managed internally by snapd.
[   21.353121] cloud-init[479]: Cloud-init v. 21.1-19-gbad84ad4-0ubuntu1~16.04.2 running 'init-local' at Tue, 19 Apr 2022 14:55:52 +0000. Up 20.32 seconds.
[[0;32m  OK  [0m] Started Initial cloud-init job (pre-networking).
[[0;32m  OK  [0m] Reached target Network (Pre).
         Starting Raise network interfaces...
[[0;32m  OK  [0m] Started Set console font and keymap.
[[0;32m  OK  [0m] Created slice system-getty.slice.
[[0;32m  OK  [0m] Started Raise network interfaces.
[[0;32m  OK  [0m] Reached target Network.
         Starting Initial cloud-init job (metadata service crawler)...
[   26.181199] cloud-init[934]: Cloud-init v. 21.1-19-gbad84ad4-0ubuntu1~16.04.2 running 'init' at Tue, 19 Apr 2022 14:55:56 +0000. Up 23.84 seconds.
[   26.296976] [cloud-init[0;32m  OK  [0m[934]: ] ci-info: ++++++++++++++++++++++++++++++++++++++Net device info++++++++++++++++++++++++++++++++++++++Started Initial cloud-init job (metadata service crawler).

[[0;32m  OK  [0m] Reached target Network is Online.
[   26.301036] cloud-init[934]: ci-info: +--------+------+----------------------------+---------------+--------+-------------------+
[   26.346931] cloud-init[934]: ci-info: | Device |  Up  |          Address           |      Mask     | Scope  |     Hw-Address    |
[   26.350363] cloud-init[934]: ci-info: +--------+------+----------------------------+---------------+--------+-------------------+
[   26.352750] cloud-init[934]: ci-info: | enp0s3 | True |         10.0.2.15          | 255.255.255.0 | global | 02:be:82:6b:cc:1d |
[   26.353591] cloud-init[934]: ci-info: | enp0s3 | True | fe80::be:82ff:fe6b:cc1d/64 |       .       |  link  | 02:be:82:6b:cc:1d |
[   26.355359] cloud-init[934]: ci-info: |   lo   | True |         127.0.0.1          |   255.0.0.0   |  host  |         .         |
[   26.355997] cloud-init[934]: ci-info: |   lo   | True |          ::1/128           |       .       |  host  |         .         |
[   26.357962] cloud-init[934]: ci-info: +--------+------+----------------------------+---------------+--------+-------------------+
[   26.359858] cloud-init[934]: ci-info: +++++++++++++++++++++++++++Route IPv4 info++++++++++++++++++++++++++++
[   26.360758] cloud-init[934]: ci-info: +-------+-------------+----------+---------------+-----------+-------+
[   26.363620] cloud-init[934]: ci-info: | Route | Destination | Gateway  |    Genmask    | Interface | Flags |
[   26.364633] cloud-init[934]: ci-info: +-------+-------------+----------+---------------+-----------+-------+
[   26.364752] cloud-init[934]: ci-info: |   0   |   0.0.0.0   | 10.0.2.2 |    0.0.0.0    |   enp0s3  |   UG  |
[   26.364831] cloud-init[934]: ci-info: |   1   |   10.0.2.0  | 0.0.0.0  | 255.255.255.0 |   enp0s3  |   U   |
[   26.365003] cloud-init[934]: ci-info: +-------+-------------+----------+---------------+-----------+-------+
[   26.365090] cloud-init[934]: ci-info: +++++++++++++++++++Route IPv6 info+++++++++++++++++++
[   26.365186] cloud-init[934]: ci-info: +-------+-------------+---------+-----------+-------+
[   26.365262] cloud-init[934]: ci-info: | Route | Destination | Gateway | Interface | Flags |
[   26.365331] cloud-init[934]: ci-info: +-------+-------------+---------+-----------+-------+
[   26.365407] cloud-init[934]: ci-info: |   0   |  fe80::/64  |    ::   |   enp0s3  |   U   |
[   26.365477] cloud-init[934]: ci-info: |   3   |   ff00::/8  |    ::   |   enp0s3  |   U   |
[   26.365545] cloud-init[934]: ci-info: +-------+-------------+---------+-----------+-------+
[   26.365709] cloud-init[934]: Generating public/private rsa key pair.
         Starting iSCSI initiator daemon (iscsid)...
[   26.366204] cloud-init[934]: Your identification has been saved in /etc/ssh/ssh_host_rsa_key.
[[0;32m  OK  [0m] Reached target System Initialization.
[   26.562225] [cloud-init[0;32m  OK  [0m[934]: ] Your public key has been saved in /etc/ssh/ssh_host_rsa_key.pub.Listening on D-Bus System Message Bus Socket.

[   26.579538] [cloud-init[0;32m  OK  [0m[934]: ] The key fingerprint is:Started Ubuntu Advantage update messaging.

         Starting LXD - unix socket.
[[0;32m  OK  [0m] Started Daily apt download activities.
[[0;32m  OK  [0m] Started Daily apt upgrade and clean activities.
[[0;32m  OK  [0m] Started Daily Cleanup of Temporary Directories.
[[0;32m  OK  [0m] Listening on UUID daemon activation socket.
[   26.610953] cloud-init[934]: SHA256:2KPxxI8Dbn1TM2Q3gsYF/hWR/kjEc4gT5XzIq34h7ZU root@ubuntu-xenial
[[   26.653463] [0;32m  OK  [0mcloud-init] [934]: Started ACPI Events Check.The key's randomart image is:

[   26.658132] [cloud-init[0;32m  OK  [0m[934]: ] +---[RSA 2048]----+Reached target Paths.

[[0;32m  OK  [0m] Started Message of the Day.
[[0;32m  OK  [0m] Reached target Timers.
[[0;32m  OK  [0m[   26.671307] ] Listening on ACPID Listen Socket.cloud-init
[934]: |          ..o=++ |
[   26.699650] cloud-init[934]: |         o oo+*o.|
[   26.702573] cloud-init[934]: |          = ++Oo.|
[   26.703472] cloud-init[934]: |       + . + +o+ |
[   26.704612] cloud-init[934]: |      + S   =o.o.|
[   26.705485] cloud-init[934]: |     . B + ..++Eo|
[   26.706344] cloud-init[934]: |      + = + .o o |
[   26.707614] cloud-init[934]: |     .   o o  o  |
[   26.708812] cloud-init[934]: |            ..   |
[   26.711006] cloud-init[934]: +----[SHA256]-----+
[   26.711993] cloud-init[934]: Generating public/private dsa key pair.
[   26.712890] cloud-init[934]: Your identification has been saved in /etc/ssh/ssh_host_dsa_key.
[   26.713899] cloud-init[934]: Your public key has been saved in /etc/ssh/ssh_host_dsa_key.pub.
[   26.714856] cloud-init[934]: The key fingerprint is:
[   26.715814] cloud-init[934]: SHA256:1jkZCs0r4eYAsURljduobeXuAobkcMH+U0TMMtFW2mw root@ubuntu-xenial
[   26.716750] cloud-init[934]: The key's randomart image is:
[   26.717723] cloud-init[934]: +---[DSA 1024]----+
[   26.718629] cloud-init[934]: | o+.+O...        |
[   26.719363] cloud-init[934]: | .o++ B*         |
[   26.720164] cloud-init[934]: | .o. O+ E .      |
[   26.721112] cloud-init[934]: |..o.o.++ + +     |
[   26.722061] cloud-init[934]: |+o +.++ S =      |
[   26.724871] cloud-init[934]: |..+ =+.o   .     |
[   26.729719] cloud-init[934]: | . o o.          |
[   26.730380] cloud-init[934]: |    . .          |
[   26.731693] cloud-init[934]: |     o.          |
[   26.732497] cloud-init[934]: +----[SHA256]-----+
[   26.733348] cloud-init[934]: Generating public/private ecdsa key pair.
[   26.735038] cloud-init[934]: Your identification has been saved in /etc/ssh/ssh_host_ecdsa_key.
[   26.736486] cloud-init[934]: Your public key has been saved in /etc/ssh/ssh_host_ecdsa_key.pub.
[   26.737366] cloud-init[934]: The key fingerprint is:
[   26.738262] cloud-init[934]: SHA256:vNs0oGq/68TnO0AGwMvl3oE51nY35ZQV+cldcRAsv9s root@ubuntu-xenial
[   26.739173] cloud-init[934]: The key's randomart image is:
[   26.739969] cloud-init[934]: +---[ECDSA 256]---+
[   26.743253] cloud-init[934]: | ...         +=*o|
[   26.743869] cloud-init[934]: |  . o       = o o|
[   26.746779] cloud-init[934]: | . + =     + o..+|
[   26.748444] cloud-init[934]: |  o * *.. o . .oo|
[   26.749143] cloud-init[934]: |   o * oS. .   . |
[   26.749963] cloud-init[934]: |    ..o. o    .  |
[   26.750743] cloud-init[934]: |      +.o o    o |
[   26.751551] cloud-init[934]: |    .o o.+ .  . E|
[   26.752416] cloud-init[934]: |   ..o=o+o.      |
[   26.753295] cloud-init[934]: +----[SHA256]-----+
[   26.756268] cloud-init[934]: Generating public/private ed25519 key pair.
[   26.756590] cloud-init[934]: Your identification has been saved in /etc/ssh/ssh_host_ed25519_key.
[   26.757661] cloud-init[934]: Your public key has been saved in /etc/ssh/ssh_host_ed25519_key.pub.
[   26.761670] cloud-init[934]: The key fingerprint is:
[   26.762175] cloud-init[934]: SHA256:oYIBES6zzpwQpS97/tCFlwZ2LvqpJjy4/4lqBIieWJ8 root@ubuntu-xenial
[   26.763080] cloud-init[934]: The key's randomart image is:
[   26.764162] cloud-init[934]: +--[ED25519 256]--+
[   26.765240] cloud-init[934]: |+o.              |
         Starting Socket activation for snappy daemon.
[[0;32m  OK  [0m] Reached target Cloud-config availability.
[   26.768100] cloud-init[934]: |.+               |
[   26.925000] cloud-init[934]: |B.. o . .        |
[   26.934806] cloud-init[934]: |==.+ = o .       |
[   26.938281] cloud-init[934]: |B.+.+.B S        |
[   26.939409] cloud-init[934]: |**.oE*           |
[   26.940107] cloud-init[934]: |==+ .            |
[   26.941793] cloud-init[934]: |o*.+ o           |
[   26.944318] cloud-init[934]: |+**+*            |
[   26.944582] cloud-init[934]: +----[SHA256]-----+
[[0;32m  OK  [0m] Listening on LXD - unix socket.
[[0;32m  OK  [0m] Listening on Socket activation for snappy daemon.
[[0;32m  OK  [0m] Reached target Sockets.
[[0;32m  OK  [0m] Reached target Basic System.
         Starting LSB: Record successful boot for GRUB...
[[0;32m  OK  [0m] Started ACPI event daemon.
         Starting Pollinate to seed the pseudo random number generator...
[[0;32m  OK  [0m] Started FUSE filesystem for LXC.
         Starting Accounts Service...
         Starting Login Service...
         Starting /etc/rc.local Compatibility...
[[0;32m  OK  [0m] Started Deferred execution scheduler.
         Starting LSB: MD monitoring daemon...
         Starting System Logging Service...
[[0;32m  OK  [0m] Started D-Bus System Message Bus.
         Starting Virtualbox guest utils...
         Starting Snap Daemon...
[[0;32m  OK  [0m] Started Regular background program processing daemon.
         Starting LXD - container startup/shutdown...
[[0;32m  OK  [0m] Started System Logging Service.
[[0;32m  OK  [0m] Started iSCSI initiator daemon (iscsid).
[[0;32m  OK  [0m] Started /etc/rc.local Compatibility.
         Starting Authenticate and Authorize Users to Run Privileged Tasks...
         Starting Login to default iSCSI targets...
[[0;32m  OK  [0m] Started Login Service.
[[0;32m  OK  [0m] Started Unattended Upgrades Shutdown.
[[0;32m  OK  [0m] Started LSB: MD monitoring daemon.
[[0;32m  OK  [0m] Started Login to default iSCSI targets.
[[0;32m  OK  [0m] Reached target Remote File Systems (Pre).
[[0;32m  OK  [0m] Reached target Remote File Systems.
         Starting LSB: automatic crash report generation...
         Starting LSB: daemon to balance interrupts for SMP systems...
         Starting Permit User Sessions...
         Starting LSB: Set the CPU Frequency Scaling governor to "ondemand"...
[[0;32m  OK  [0m] Started LSB: Record successful boot for GRUB.
[[0;32m  OK  [0m] Started Permit User Sessions.
[[0;32m  OK  [0m] Started Authenticate and Authorize Users to Run Privileged Tasks.
[[0;32m  OK  [0m] Started Accounts Service.
         Starting Hold until boot process finishes up...
         Starting Terminate Plymouth Boot Screen...
[[0;32m  OK  [0m] Started LXD - container startup/shutdown.
[[0;32m  OK  [0m] Started Hold until boot process finishes up.
[[0;32m  OK  [0m] Started Virtualbox guest utils.
[[0;32m  OK  [0m] Started Terminate Plymouth Boot Screen.
[[0;32m  OK  [0m] Started Serial Getty on ttyS0.
         Starting Set console scheme...
[[0;32m  OK  [0m] Started Getty on tty1.
[[0;32m  OK  [0m] Reached target Login Prompts.
[[0;32m  OK  [0m] Started Set console scheme.
[[0;32m  OK  [0m] Started LSB: Set the CPU Frequency Scaling governor to "ondemand".
[[0;32m  OK  [0m] Started LSB: daemon to balance interrupts for SMP systems.
[[0;32m  OK  [0m] Started LSB: automatic crash report generation.
[[0;32m  OK  [0m] Started Snap Daemon.
         Starting Wait until snapd is fully seeded...

Ubuntu 16.04.7 LTS ubuntu-xenial ttyS0

ubuntu-xenial login: [   37.494690] cloud-init[1293]: Generating locales (this might take a while)...
[   41.493929] cloud-init[1293]:   en_US.UTF-8... done
[   41.494441] cloud-init[1293]: Generation complete.
[   43.426170] cloud-init[1293]: Cloud-init v. 21.1-19-gbad84ad4-0ubuntu1~16.04.2 running 'modules:config' at Tue, 19 Apr 2022 14:56:09 +0000. Up 36.93 seconds.
ci-info: no authorized SSH keys fingerprints found for user ubuntu.
<14>Apr 19 14:56:17 ec2: 
<14>Apr 19 14:56:17 ec2: #############################################################
<14>Apr 19 14:56:17 ec2: -----BEGIN SSH HOST KEY FINGERPRINTS-----
<14>Apr 19 14:56:17 ec2: 1024 SHA256:1jkZCs0r4eYAsURljduobeXuAobkcMH+U0TMMtFW2mw root@ubuntu-xenial (DSA)
<14>Apr 19 14:56:17 ec2: 256 SHA256:vNs0oGq/68TnO0AGwMvl3oE51nY35ZQV+cldcRAsv9s root@ubuntu-xenial (ECDSA)
<14>Apr 19 14:56:17 ec2: 256 SHA256:oYIBES6zzpwQpS97/tCFlwZ2LvqpJjy4/4lqBIieWJ8 root@ubuntu-xenial (ED25519)
<14>Apr 19 14:56:17 ec2: 2048 SHA256:2KPxxI8Dbn1TM2Q3gsYF/hWR/kjEc4gT5XzIq34h7ZU root@ubuntu-xenial (RSA)
<14>Apr 19 14:56:17 ec2: -----END SSH HOST KEY FINGERPRINTS-----
<14>Apr 19 14:56:17 ec2: #############################################################
-----BEGIN SSH HOST KEY KEYS-----
ecdsa-sha2-nistp256 AAAAE2VjZHNhLXNoYTItbmlzdHAyNTYAAAAIbmlzdHAyNTYAAABBBLsPdtE/zk70QRjFsN3WdPuy7qZ6BHOOPHPe5WMnJL1+25pBH+6fJyHC4XMua+ZN8OwSKyC0uXEEf02NExXnxcw= root@ubuntu-xenial
ssh-ed25519 AAAAC3NzaC1lZDI1NTE5AAAAIHpeAzOizGSgWLdv6Iv6uqzXt1C65armf/TXxn/g7v7o root@ubuntu-xenial
ssh-rsa AAAAB3NzaC1yc2EAAAADAQABAAABAQDWIEwulYRLsA9X8JO1cKWFRkgEfvrGVggbhY6JcT3idpeZWfewr5kB//eBEy+1Xn+zxuua3t8Nk8lPQnMRr6n/aWX51Kl54VKDm24zVAuu8cGjZnMYugRryxzaojlAqt9To5xSryjGXA1DJ83OgnKLMYum3KcKqpS0pUTxYiu1AsvKadPCTsYcnZ7m08bG8SOUV4xDJHurs6rMScc26grlGoJTIIhOR+/8BsckzDyF+OYyRvupuo8mxus/GPY1a1ECMVpS/99eqJrE6he9zrvpyj9tUdaTTZesF15jm/wRGf0s9pMsQtVHUseD4XPU7xJAABQ7gOnWrLJuGJ0QB9Lz root@ubuntu-xenial
-----END SSH HOST KEY KEYS-----
[   44.848878] cloud-init[1484]: Cloud-init v. 21.1-19-gbad84ad4-0ubuntu1~16.04.2 running 'modules:final' at Tue, 19 Apr 2022 14:56:16 +0000. Up 44.26 seconds.
[   44.849793] cloud-init[1484]: ci-info: no authorized SSH keys fingerprints found for user ubuntu.
[   44.850442] cloud-init[1484]: Cloud-init v. 21.1-19-gbad84ad4-0ubuntu1~16.04.2 finished at Tue, 19 Apr 2022 14:56:17 +0000. Datasource DataSourceNoCloud [seed=/dev/sdb][dsmode=net].  Up 44.80 seconds
